strykerSeller/build/outputs/logs/manifest-merger-debug-report.txt
-- Merging decision tree log ---
manifest
ADDED from src\main\AndroidManifest.xml:2:1-265:12
	package
		ADDED from src\main\AndroidManifest.xml:3:5-36
		INJECTED from src\main\AndroidManifest.xml
		INJECTED from src\main\AndroidManifest.xml
	android:versionName
		ADDED from src\main\AndroidManifest.xml:5:5-32
		INJECTED from src\main\AndroidManifest.xml
		INJECTED from src\main\AndroidManifest.xml
	android:versionCode
		ADDED from src\main\AndroidManifest.xml:4:5-29
		INJECTED from src\main\AndroidManifest.xml
		INJECTED from src\main\AndroidManifest.xml
	xmlns:android
		ADDED from src\main\AndroidManifest.xml:2:11-69
uses-sdk
ADDED from src\main\AndroidManifest.xml:7:5-9:41
MERGED from [com.android.support:multidex:1.0.1] AndroidManifest.xml:18:5-42
MERGED from [Stryker_Seller:recyclerview:unspecified] AndroidManifest.xml:20:5-22:41
MERGED from [Stryker_Seller:pulltorefresh:unspecified] AndroidManifest.xml:7:5-43
MERGED from [com.google.android.gms:play-services:10.0.1] AndroidManifest.xml:4:5-42
MERGED from [com.google.android.gms:play-services-ads:10.0.1] AndroidManifest.xml:17:5-42
MERGED from [com.google.android.gms:play-services-ads-lite:10.0.1] AndroidManifest.xml:22:5-42
MERGED from [com.google.android.gms:play-services-analytics:10.0.1] AndroidManifest.xml:17:5-42
MERGED from [com.google.android.gms:play-services-appinvite:10.0.1] AndroidManifest.xml:17:5-42
MERGED from [com.google.android.gms:play-services-auth:10.0.1] AndroidManifest.xml:17:5-42
MERGED from [com.google.android.gms:play-services-auth-base:10.0.1] AndroidManifest.xml:4:5-42
MERGED from [com.google.android.gms:play-services-cast-framework:10.0.1] AndroidManifest.xml:3:5-42
MERGED from [com.google.android.gms:play-services-cast:10.0.1] AndroidManifest.xml:17:5-42
MERGED from [com.android.support:mediarouter-v7:24.0.0] AndroidManifest.xml:20:5-43
MERGED from [com.android.support:palette-v7:24.0.0] AndroidManifest.xml:20:5-43
MERGED from [com.google.android.gms:play-services-clearcut:10.0.1] AndroidManifest.xml:17:5-42
MERGED from [com.google.firebase:firebase-config:10.0.1] AndroidManifest.xml:17:5-42
MERGED from [com.google.android.gms:play-services-awareness:10.0.1] AndroidManifest.xml:17:5-42
MERGED from [com.google.firebase:firebase-crash:10.0.1] AndroidManifest.xml:20:5-42
MERGED from [com.google.firebase:firebase-auth:10.0.1] AndroidManifest.xml:17:5-42
MERGED from [com.google.firebase:firebase-database:10.0.1] AndroidManifest.xml:3:5-42
MERGED from [com.google.firebase:firebase-database-connection:10.0.1] AndroidManifest.xml:3:5-42
MERGED from [com.google.firebase:firebase-messaging:10.0.1] AndroidManifest.xml:17:5-42
MERGED from [com.google.firebase:firebase-storage:10.0.1] AndroidManifest.xml:3:5-42
MERGED from [com.google.firebase:firebase-storage-common:10.0.1] AndroidManifest.xml:3:5-42
MERGED from [com.google.android.gms:play-services-fitness:10.0.1] AndroidManifest.xml:17:5-42
MERGED from [com.google.android.gms:play-services-games:10.0.1] AndroidManifest.xml:17:5-42
MERGED from [com.google.android.gms:play-services-drive:10.0.1] AndroidManifest.xml:17:5-42
MERGED from [com.google.android.gms:play-services-gass:10.0.1] AndroidManifest.xml:3:5-42
MERGED from [com.google.android.gms:play-services-gcm:10.0.1] AndroidManifest.xml:17:5-42
MERGED from [com.google.firebase:firebase-appindexing:10.0.1] AndroidManifest.xml:17:5-42
MERGED from [com.google.android.gms:play-services-iid:10.0.1] AndroidManifest.xml:17:5-42
MERGED from [com.google.android.gms:play-services-instantapps:10.0.1] AndroidManifest.xml:3:5-42
MERGED from [com.google.android.gms:play-services-location:10.0.1] AndroidManifest.xml:3:5-42
MERGED from [com.google.android.gms:play-services-nearby:10.0.1] AndroidManifest.xml:3:5-42
MERGED from [com.google.android.gms:play-services-panorama:10.0.1] AndroidManifest.xml:17:5-42
MERGED from [com.google.android.gms:play-services-places:10.0.1] AndroidManifest.xml:17:5-42
MERGED from [com.google.android.gms:play-services-plus:10.0.1] AndroidManifest.xml:17:5-42
MERGED from [com.google.android.gms:play-services-safetynet:10.0.1] AndroidManifest.xml:17:5-42
MERGED from [com.google.android.gms:play-services-tagmanager:10.0.1] AndroidManifest.xml:17:5-42
MERGED from [com.google.android.gms:play-services-tagmanager-api:10.0.1] AndroidManifest.xml:17:5-42
MERGED from [com.google.android.gms:play-services-tagmanager-v4-impl:10.0.1] AndroidManifest.xml:17:5-42
MERGED from [com.google.android.gms:play-services-analytics-impl:10.0.1] AndroidManifest.xml:17:5-42
MERGED from [com.google.android.gms:play-services-vision:10.0.1] AndroidManifest.xml:3:5-42
MERGED from [com.google.android.gms:play-services-wallet:10.0.1] AndroidManifest.xml:18:5-42
MERGED from [com.google.android.gms:play-services-identity:10.0.1] AndroidManifest.xml:17:5-42
MERGED from [com.google.android.gms:play-services-maps:10.0.1] AndroidManifest.xml:23:5-42
MERGED from [com.google.android.gms:play-services-wearable:10.0.1] AndroidManifest.xml:17:5-42
MERGED from [com.google.android.gms:play-services-base:10.0.1] AndroidManifest.xml:17:5-42
MERGED from [com.android.support:appcompat-v7:24.0.0] AndroidManifest.xml:21:5-23:78
MERGED from [com.android.support:animated-vector-drawable:24.0.0] AndroidManifest.xml:20:5-44
MERGED from [com.android.support:support-vector-drawable:24.0.0] AndroidManifest.xml:21:5-43
MERGED from [com.isseiaoki:simplecropview:1.1.4] AndroidManifest.xml:8:5-10:41
MERGED from [com.google.firebase:firebase-core:10.0.1] AndroidManifest.xml:4:5-42
MERGED from [com.google.firebase:firebase-analytics:10.0.1] AndroidManifest.xml:17:5-42
MERGED from [com.google.firebase:firebase-analytics-impl:10.0.1] AndroidManifest.xml:17:5-42
MERGED from [com.google.firebase:firebase-iid:10.0.1] AndroidManifest.xml:17:5-42
MERGED from [com.google.firebase:firebase-common:10.0.1] AndroidManifest.xml:3:5-42
MERGED from [com.google.android.gms:play-services-tasks:10.0.1] AndroidManifest.xml:3:5-42
MERGED from [com.google.android.gms:play-services-basement:10.0.1] AndroidManifest.xml:17:5-42
MERGED from [com.android.support:support-v4:24.0.0] AndroidManifest.xml:21:5-23:54
MERGED from [com.android.support:cardview-v7:22.0.0] AndroidManifest.xml:20:5-43
MERGED from [com.mcxiaoke.volley:library-aar:1.0.0] AndroidManifest.xml:3:5-72
	tools:overrideLibrary
		ADDED from [com.android.support:appcompat-v7:24.0.0] AndroidManifest.xml:23:9-75
	android:targetSdkVersion
		ADDED from src\main\AndroidManifest.xml:9:9-38
		INJECTED from src\main\AndroidManifest.xml
		INJECTED from src\main\AndroidManifest.xml
	android:minSdkVersion
		ADDED from src\main\AndroidManifest.xml:8:9-34
		INJECTED from src\main\AndroidManifest.xml
		INJECTED from src\main\AndroidManifest.xml
uses-permission#android.permission.ACCESS_NETWORK_STATE
ADDED from src\main\AndroidManifest.xml:11:5-79
MERGED from [com.google.android.gms:play-services-ads-lite:10.0.1] AndroidManifest.xml:20:5-78
MERGED from [com.google.android.gms:play-services-analytics:10.0.1] AndroidManifest.xml:21:5-78
MERGED from [com.google.android.gms:play-services-nearby:10.0.1] AndroidManifest.xml:4:5-78
MERGED from [com.google.android.gms:play-services-tagmanager-api:10.0.1] AndroidManifest.xml:21:5-78
MERGED from [com.google.android.gms:play-services-analytics-impl:10.0.1] AndroidManifest.xml:21:5-78
MERGED from [com.google.android.gms:play-services-maps:10.0.1] AndroidManifest.xml:19:5-78
MERGED from [com.google.firebase:firebase-analytics:10.0.1] AndroidManifest.xml:21:5-78
MERGED from [com.google.firebase:firebase-analytics-impl:10.0.1] AndroidManifest.xml:21:5-78
MERGED from [com.google.firebase:firebase-iid:10.0.1] AndroidManifest.xml:19:5-78
	android:name
		ADDED from src\main\AndroidManifest.xml:11:22-76
uses-permission#android.permission.ACCESS_WIFI_STATE
ADDED from src\main\AndroidManifest.xml:12:5-76
	android:name
		ADDED from src\main\AndroidManifest.xml:12:22-73
uses-permission#android.permission.INTERNET
ADDED from src\main\AndroidManifest.xml:13:5-67
MERGED from [com.google.android.gms:play-services-ads-lite:10.0.1] AndroidManifest.xml:19:5-66
MERGED from [com.google.android.gms:play-services-analytics:10.0.1] AndroidManifest.xml:20:5-66
MERGED from [com.google.android.gms:play-services-appinvite:10.0.1] AndroidManifest.xml:18:5-66
MERGED from [com.google.firebase:firebase-crash:10.0.1] AndroidManifest.xml:18:5-66
MERGED from [com.google.android.gms:play-services-gcm:10.0.1] AndroidManifest.xml:21:5-66
MERGED from [com.google.android.gms:play-services-iid:10.0.1] AndroidManifest.xml:21:5-66
MERGED from [com.google.android.gms:play-services-tagmanager-api:10.0.1] AndroidManifest.xml:20:5-66
MERGED from [com.google.android.gms:play-services-analytics-impl:10.0.1] AndroidManifest.xml:20:5-66
MERGED from [com.google.android.gms:play-services-maps:10.0.1] AndroidManifest.xml:20:5-66
MERGED from [com.google.firebase:firebase-analytics:10.0.1] AndroidManifest.xml:20:5-66
MERGED from [com.google.firebase:firebase-analytics-impl:10.0.1] AndroidManifest.xml:20:5-66
MERGED from [com.google.firebase:firebase-iid:10.0.1] AndroidManifest.xml:20:5-66
	android:name
		ADDED from src\main\AndroidManifest.xml:13:22-64
uses-permission#android.permission.ACCESS_COARSE_LOCATION
ADDED from src\main\AndroidManifest.xml:14:5-81
	android:name
		ADDED from src\main\AndroidManifest.xml:14:22-78
uses-permission#android.permission.ACCESS_FINE_LOCATION
ADDED from src\main\AndroidManifest.xml:15:5-79
	android:name
		ADDED from src\main\AndroidManifest.xml:15:22-76
uses-permission#android.permission.CAMERA
ADDED from src\main\AndroidManifest.xml:16:5-65
	android:name
		ADDED from src\main\AndroidManifest.xml:16:22-62
uses-permission#android.permission.GET_ACCOUNTS
ADDED from src\main\AndroidManifest.xml:17:5-71
	android:name
		ADDED from src\main\AndroidManifest.xml:17:22-68
uses-permission#android.permission.USE_CREDENTIALS
ADDED from src\main\AndroidManifest.xml:18:5-74
	android:name
		ADDED from src\main\AndroidManifest.xml:18:22-71
uses-permission#android.permission.READ_EXTERNAL_STORAGE
ADDED from src\main\AndroidManifest.xml:19:5-80
	android:name
		ADDED from src\main\AndroidManifest.xml:19:22-77
uses-permission#android.permission.WRITE_EXTERNAL_STORAGE
ADDED from src\main\AndroidManifest.xml:20:5-81
	android:name
		ADDED from src\main\AndroidManifest.xml:20:22-78
uses-permission#com.google.android.providers.gsf.permission.READ_GSERVICES
ADDED from src\main\AndroidManifest.xml:21:5-98
	android:name
		ADDED from src\main\AndroidManifest.xml:21:22-95
uses-permission#android.permission.RECEIVE_SMS
ADDED from src\main\AndroidManifest.xml:24:5-70
	android:name
		ADDED from src\main\AndroidManifest.xml:24:22-67
uses-permission#android.permission.READ_SMS
ADDED from src\main\AndroidManifest.xml:25:5-67
	android:name
		ADDED from src\main\AndroidManifest.xml:25:22-64
uses-permission#android.permission.SEND_SMS
ADDED from src\main\AndroidManifest.xml:26:5-67
	android:name
		ADDED from src\main\AndroidManifest.xml:26:22-64
uses-permission#android.permission.CHANGE_WIFI_MULTICAST_STATE
ADDED from src\main\AndroidManifest.xml:27:5-86
	android:name
		ADDED from src\main\AndroidManifest.xml:27:22-83
uses-permission#android.permission.READ_PHONE_STATE
ADDED from src\main\AndroidManifest.xml:28:5-75
	android:name
		ADDED from src\main\AndroidManifest.xml:28:22-72
uses-permission#android.permission.READ_CONTACTS
ADDED from src\main\AndroidManifest.xml:30:5-72
	android:name
		ADDED from src\main\AndroidManifest.xml:30:22-69
uses-permission#android.permission.WRITE_CONTACTS
ADDED from src\main\AndroidManifest.xml:31:5-73
	android:name
		ADDED from src\main\AndroidManifest.xml:31:22-70
uses-permission#android.permission.SYSTEM_ALERT_WINDOW
ADDED from src\main\AndroidManifest.xml:32:5-78
	android:name
		ADDED from src\main\AndroidManifest.xml:32:22-75
permission#com.quickblox.simplesample.messages.permission.C2D_MESSAGE
ADDED from src\main\AndroidManifest.xml:34:5-36:47
	android:protectionLevel
		ADDED from src\main\AndroidManifest.xml:36:9-44
	android:name
		ADDED from src\main\AndroidManifest.xml:35:9-82
uses-permission#com.quickblox.simplesample.messages.permission.C2D_MESSAGE
ADDED from src\main\AndroidManifest.xml:38:5-98
	android:name
		ADDED from src\main\AndroidManifest.xml:38:22-95
uses-permission#com.google.android.c2dm.permission.RECEIVE
ADDED from src\main\AndroidManifest.xml:42:5-82
MERGED from [com.google.android.gms:play-services-gcm:10.0.1] AndroidManifest.xml:20:5-81
MERGED from [com.google.android.gms:play-services-iid:10.0.1] AndroidManifest.xml:20:5-81
MERGED from [com.google.firebase:firebase-iid:10.0.1] AndroidManifest.xml:22:5-81
	android:name
		ADDED from src\main\AndroidManifest.xml:42:22-79
uses-permission#android.permission.WAKE_LOCK
ADDED from src\main\AndroidManifest.xml:46:5-68
MERGED from [com.google.android.gms:play-services-analytics:10.0.1] AndroidManifest.xml:24:5-67
MERGED from [com.google.android.gms:play-services-analytics-impl:10.0.1] AndroidManifest.xml:24:5-67
MERGED from [com.google.firebase:firebase-analytics:10.0.1] AndroidManifest.xml:22:5-67
MERGED from [com.google.firebase:firebase-analytics-impl:10.0.1] AndroidManifest.xml:22:5-67
MERGED from [com.google.firebase:firebase-iid:10.0.1] AndroidManifest.xml:21:5-67
	android:name
		ADDED from src\main\AndroidManifest.xml:46:22-65
application
ADDED from src\main\AndroidManifest.xml:48:5-263:19
MERGED from [Stryker_Seller:pulltorefresh:unspecified] AndroidManifest.xml:9:5-20
MERGED from [com.google.android.gms:play-services:10.0.1] AndroidManifest.xml:5:5-20
MERGED from [com.google.android.gms:play-services-ads-lite:10.0.1] AndroidManifest.xml:23:5-27:19
MERGED from [com.google.android.gms:play-services-analytics:10.0.1] AndroidManifest.xml:26:5-19
MERGED from [com.google.android.gms:play-services-appinvite:10.0.1] AndroidManifest.xml:19:5-26:19
MERGED from [com.google.android.gms:play-services-auth:10.0.1] AndroidManifest.xml:19:5-25:19
MERGED from [com.google.android.gms:play-services-cast-framework:10.0.1] AndroidManifest.xml:4:5-8:19
MERGED from [com.google.android.gms:play-services-cast:10.0.1] AndroidManifest.xml:18:5-19
MERGED from [com.android.support:mediarouter-v7:24.0.0] AndroidManifest.xml:22:5-20
MERGED from [com.android.support:palette-v7:24.0.0] AndroidManifest.xml:22:5-23:19
MERGED from [com.google.android.gms:play-services-clearcut:10.0.1] AndroidManifest.xml:18:5-19
MERGED from [com.google.firebase:firebase-config:10.0.1] AndroidManifest.xml:18:5-19
MERGED from [com.google.android.gms:play-services-awareness:10.0.1] AndroidManifest.xml:18:5-19
MERGED from [com.google.firebase:firebase-crash:10.0.1] AndroidManifest.xml:22:5-23:19
MERGED from [com.google.firebase:firebase-auth:10.0.1] AndroidManifest.xml:19:5-20:19
MERGED from [com.google.firebase:firebase-messaging:10.0.1] AndroidManifest.xml:19:5-29:19
MERGED from [com.google.android.gms:play-services-fitness:10.0.1] AndroidManifest.xml:18:5-19
MERGED from [com.google.android.gms:play-services-games:10.0.1] AndroidManifest.xml:18:5-19
MERGED from [com.google.android.gms:play-services-drive:10.0.1] AndroidManifest.xml:18:5-19
MERGED from [com.google.android.gms:play-services-gass:10.0.1] AndroidManifest.xml:4:5-19
MERGED from [com.google.android.gms:play-services-gcm:10.0.1] AndroidManifest.xml:23:5-19
MERGED from [com.google.firebase:firebase-appindexing:10.0.1] AndroidManifest.xml:18:5-19
MERGED from [com.google.android.gms:play-services-iid:10.0.1] AndroidManifest.xml:23:5-19
MERGED from [com.google.android.gms:play-services-location:10.0.1] AndroidManifest.xml:4:5-19
MERGED from [com.google.android.gms:play-services-nearby:10.0.1] AndroidManifest.xml:5:5-19
MERGED from [com.google.android.gms:play-services-panorama:10.0.1] AndroidManifest.xml:18:5-19
MERGED from [com.google.android.gms:play-services-places:10.0.1] AndroidManifest.xml:18:5-19
MERGED from [com.google.android.gms:play-services-plus:10.0.1] AndroidManifest.xml:18:5-19
MERGED from [com.google.android.gms:play-services-safetynet:10.0.1] AndroidManifest.xml:18:5-19
MERGED from [com.google.android.gms:play-services-tagmanager-api:10.0.1] AndroidManifest.xml:23:5-33:19
MERGED from [com.google.android.gms:play-services-tagmanager-v4-impl:10.0.1] AndroidManifest.xml:19:5-19
MERGED from [com.google.android.gms:play-services-analytics-impl:10.0.1] AndroidManifest.xml:26:5-19
MERGED from [com.google.android.gms:play-services-vision:10.0.1] AndroidManifest.xml:4:5-19
MERGED from [com.google.android.gms:play-services-identity:10.0.1] AndroidManifest.xml:18:5-19
MERGED from [com.google.android.gms:play-services-maps:10.0.1] AndroidManifest.xml:24:5-19
MERGED from [com.google.android.gms:play-services-wearable:10.0.1] AndroidManifest.xml:18:5-19
MERGED from [com.google.android.gms:play-services-base:10.0.1] AndroidManifest.xml:18:5-20:19
MERGED from [com.android.support:appcompat-v7:24.0.0] AndroidManifest.xml:25:5-20
MERGED from [com.android.support:animated-vector-drawable:24.0.0] AndroidManifest.xml:22:5-20
MERGED from [com.android.support:support-vector-drawable:24.0.0] AndroidManifest.xml:23:5-20
MERGED from [com.google.firebase:firebase-core:10.0.1] AndroidManifest.xml:5:5-20
MERGED from [com.google.firebase:firebase-analytics:10.0.1] AndroidManifest.xml:24:5-33:19
MERGED from [com.google.firebase:firebase-analytics-impl:10.0.1] AndroidManifest.xml:24:5-28:19
MERGED from [com.google.firebase:firebase-iid:10.0.1] AndroidManifest.xml:28:5-50:19
MERGED from [com.google.firebase:firebase-common:10.0.1] AndroidManifest.xml:4:5-7:19
MERGED from [com.google.android.gms:play-services-tasks:10.0.1] AndroidManifest.xml:4:5-19
MERGED from [com.google.android.gms:play-services-basement:10.0.1] AndroidManifest.xml:19:5-21:19
MERGED from [com.android.support:support-v4:24.0.0] AndroidManifest.xml:25:5-20
MERGED from [com.android.support:cardview-v7:22.0.0] AndroidManifest.xml:22:5-20
MERGED from [com.mcxiaoke.volley:library-aar:1.0.0] AndroidManifest.xml:5:5-19
	android:label
		ADDED from src\main\AndroidManifest.xml:52:9-41
	android:allowBackup
		ADDED from src\main\AndroidManifest.xml:50:9-35
	android:icon
		ADDED from src\main\AndroidManifest.xml:51:9-46
	android:theme
		ADDED from src\main\AndroidManifest.xml:53:9-40
	android:name
		ADDED from src\main\AndroidManifest.xml:49:9-83
meta-data#com.google.android.gms.version
ADDED from src\main\AndroidManifest.xml:54:9-56:69
MERGED from [com.google.android.gms:play-services-basement:10.0.1] AndroidManifest.xml:20:9-121
	android:value
		ADDED from src\main\AndroidManifest.xml:56:13-66
	android:name
		ADDED from src\main\AndroidManifest.xml:55:13-58
provider#com.app.strykerseller.InternalStorageContentProvider
ADDED from src\main\AndroidManifest.xml:58:9-61:39
	android:authorities
		ADDED from src\main\AndroidManifest.xml:60:13-56
	android:exported
		ADDED from src\main\AndroidManifest.xml:61:13-36
	android:name
		ADDED from src\main\AndroidManifest.xml:59:13-59
activity#com.app.strykerseller.SplashActivity
ADDED from src\main\AndroidManifest.xml:63:9-74:20
	android:screenOrientation
		ADDED from src\main\AndroidManifest.xml:66:13-49
	android:label
		ADDED from src\main\AndroidManifest.xml:65:13-45
	android:windowSoftInputMode
		ADDED from src\main\AndroidManifest.xml:68:13-64
	android:theme
		ADDED from src\main\AndroidManifest.xml:67:13-69
	android:name
		ADDED from src\main\AndroidManifest.xml:64:13-43
intent-filter#android.intent.action.MAIN+android.intent.category.LAUNCHER
ADDED from src\main\AndroidManifest.xml:69:13-73:29
action#android.intent.action.MAIN
ADDED from src\main\AndroidManifest.xml:70:17-69
	android:name
		ADDED from src\main\AndroidManifest.xml:70:25-66
category#android.intent.category.LAUNCHER
ADDED from src\main\AndroidManifest.xml:72:17-77
	android:name
		ADDED from src\main\AndroidManifest.xml:72:27-74
meta-data#io.fabric.ApiKey
ADDED from src\main\AndroidManifest.xml:76:9-78:72
	android:value
		ADDED from src\main\AndroidManifest.xml:78:13-69
	android:name
		ADDED from src\main\AndroidManifest.xml:77:13-44
activity#eu.janmuller.android.simplecropimage.CropImage
ADDED from src\main\AndroidManifest.xml:80:9-85:67
	android:screenOrientation
		ADDED from src\main\AndroidManifest.xml:83:13-49
	android:label
		ADDED from src\main\AndroidManifest.xml:82:13-45
	android:windowSoftInputMode
		ADDED from src\main\AndroidManifest.xml:85:13-64
	android:theme
		ADDED from src\main\AndroidManifest.xml:84:13-69
	android:name
		ADDED from src\main\AndroidManifest.xml:81:13-74
activity#com.app.strykerseller.ForgotPasswordActivity
ADDED from src\main\AndroidManifest.xml:86:9-90:79
	android:screenOrientation
		ADDED from src\main\AndroidManifest.xml:88:13-49
	android:windowSoftInputMode
		ADDED from src\main\AndroidManifest.xml:90:13-67
	android:theme
		ADDED from src\main\AndroidManifest.xml:89:13-69
	android:name
		ADDED from src\main\AndroidManifest.xml:87:13-51
activity#com.app.strykerseller.SellerNotificationActivity
ADDED from src\main\AndroidManifest.xml:91:9-95:76
	android:screenOrientation
		ADDED from src\main\AndroidManifest.xml:93:13-49
	android:windowSoftInputMode
		ADDED from src\main\AndroidManifest.xml:95:13-64
	android:theme
		ADDED from src\main\AndroidManifest.xml:94:13-69
	android:name
		ADDED from src\main\AndroidManifest.xml:92:13-55
activity#com.app.strykerseller.SettingActivity
ADDED from src\main\AndroidManifest.xml:96:9-100:76
	android:screenOrientation
		ADDED from src\main\AndroidManifest.xml:98:13-49
	android:windowSoftInputMode
		ADDED from src\main\AndroidManifest.xml:100:13-64
	android:theme
		ADDED from src\main\AndroidManifest.xml:99:13-69
	android:name
		ADDED from src\main\AndroidManifest.xml:97:13-44
activity#com.app.strykerseller.SellerAddProductActivity
ADDED from src\main\AndroidManifest.xml:101:9-105:70
	android:screenOrientation
		ADDED from src\main\AndroidManifest.xml:103:13-49
	android:windowSoftInputMode
		ADDED from src\main\AndroidManifest.xml:105:13-67
	android:theme
		ADDED from src\main\AndroidManifest.xml:104:13-69
	android:name
		ADDED from src\main\AndroidManifest.xml:102:13-53
activity#com.app.strykerseller.SellerChatActivity
ADDED from src\main\AndroidManifest.xml:106:9-110:67
	android:screenOrientation
		ADDED from src\main\AndroidManifest.xml:108:13-49
	android:windowSoftInputMode
		ADDED from src\main\AndroidManifest.xml:110:13-64
	android:theme
		ADDED from src\main\AndroidManifest.xml:109:13-69
	android:name
		ADDED from src\main\AndroidManifest.xml:107:13-47
activity#com.app.strykerseller.SellerHomeActivity
ADDED from src\main\AndroidManifest.xml:111:9-115:67
	android:screenOrientation
		ADDED from src\main\AndroidManifest.xml:113:13-49
	android:windowSoftInputMode
		ADDED from src\main\AndroidManifest.xml:115:13-64
	android:theme
		ADDED from src\main\AndroidManifest.xml:114:13-69
	android:name
		ADDED from src\main\AndroidManifest.xml:112:13-47
activity#com.app.strykerseller.VerifyNumberActivity
ADDED from src\main\AndroidManifest.xml:116:9-120:79
	android:screenOrientation
		ADDED from src\main\AndroidManifest.xml:118:13-49
	android:windowSoftInputMode
		ADDED from src\main\AndroidManifest.xml:120:13-67
	android:theme
		ADDED from src\main\AndroidManifest.xml:119:13-69
	android:name
		ADDED from src\main\AndroidManifest.xml:117:13-49
activity#com.app.strykerseller.SignUpActivity
ADDED from src\main\AndroidManifest.xml:121:9-125:79
	android:screenOrientation
		ADDED from src\main\AndroidManifest.xml:123:13-49
	android:windowSoftInputMode
		ADDED from src\main\AndroidManifest.xml:125:13-67
	android:theme
		ADDED from src\main\AndroidManifest.xml:124:13-69
	android:name
		ADDED from src\main\AndroidManifest.xml:122:13-43
activity#com.app.strykerseller.SellerVerificationActivity
ADDED from src\main\AndroidManifest.xml:126:9-130:79
	android:screenOrientation
		ADDED from src\main\AndroidManifest.xml:128:13-49
	android:windowSoftInputMode
		ADDED from src\main\AndroidManifest.xml:130:13-67
	android:theme
		ADDED from src\main\AndroidManifest.xml:129:13-69
	android:name
		ADDED from src\main\AndroidManifest.xml:127:13-55
activity#com.app.strykerseller.SellerOrderHistoryActivity
ADDED from src\main\AndroidManifest.xml:131:9-135:67
	android:screenOrientation
		ADDED from src\main\AndroidManifest.xml:133:13-49
	android:windowSoftInputMode
		ADDED from src\main\AndroidManifest.xml:135:13-64
	android:theme
		ADDED from src\main\AndroidManifest.xml:134:13-69
	android:name
		ADDED from src\main\AndroidManifest.xml:132:13-55
activity#com.app.strykerseller.SellerPushNotificationActivity
ADDED from src\main\AndroidManifest.xml:136:9-140:67
	android:screenOrientation
		ADDED from src\main\AndroidManifest.xml:138:13-49
	android:windowSoftInputMode
		ADDED from src\main\AndroidManifest.xml:140:13-64
	android:theme
		ADDED from src\main\AndroidManifest.xml:139:13-69
	android:name
		ADDED from src\main\AndroidManifest.xml:137:13-59
activity#com.app.strykerseller.SellerRegisterActivity
ADDED from src\main\AndroidManifest.xml:141:9-145:79
	android:screenOrientation
		ADDED from src\main\AndroidManifest.xml:143:13-49
	android:windowSoftInputMode
		ADDED from src\main\AndroidManifest.xml:145:13-67
	android:theme
		ADDED from src\main\AndroidManifest.xml:144:13-69
	android:name
		ADDED from src\main\AndroidManifest.xml:142:13-51
activity#com.app.strykerseller.SellerPendingActivity
ADDED from src\main\AndroidManifest.xml:146:9-150:67
	android:screenOrientation
		ADDED from src\main\AndroidManifest.xml:148:13-49
	android:windowSoftInputMode
		ADDED from src\main\AndroidManifest.xml:150:13-64
	android:theme
		ADDED from src\main\AndroidManifest.xml:149:13-69
	android:name
		ADDED from src\main\AndroidManifest.xml:147:13-50
activity#com.app.strykerseller.LoginActivity
ADDED from src\main\AndroidManifest.xml:151:9-155:79
	android:screenOrientation
		ADDED from src\main\AndroidManifest.xml:153:13-49
	android:windowSoftInputMode
		ADDED from src\main\AndroidManifest.xml:155:13-67
	android:theme
		ADDED from src\main\AndroidManifest.xml:154:13-69
	android:name
		ADDED from src\main\AndroidManifest.xml:152:13-42
activity#com.app.strykerseller.ProductDetailsActivity
ADDED from src\main\AndroidManifest.xml:156:9-160:67
	android:screenOrientation
		ADDED from src\main\AndroidManifest.xml:158:13-49
	android:windowSoftInputMode
		ADDED from src\main\AndroidManifest.xml:160:13-64
	android:theme
		ADDED from src\main\AndroidManifest.xml:159:13-69
	android:name
		ADDED from src\main\AndroidManifest.xml:157:13-51
activity#com.app.strykerseller.SellerActivityProductList
ADDED from src\main\AndroidManifest.xml:161:9-165:67
	android:screenOrientation
		ADDED from src\main\AndroidManifest.xml:163:13-49
	android:windowSoftInputMode
		ADDED from src\main\AndroidManifest.xml:165:13-64
	android:theme
		ADDED from src\main\AndroidManifest.xml:164:13-69
	android:name
		ADDED from src\main\AndroidManifest.xml:162:13-54
activity#com.app.strykerseller.StoresActivity
ADDED from src\main\AndroidManifest.xml:166:9-170:67
	android:screenOrientation
		ADDED from src\main\AndroidManifest.xml:168:13-49
	android:windowSoftInputMode
		ADDED from src\main\AndroidManifest.xml:170:13-64
	android:theme
		ADDED from src\main\AndroidManifest.xml:169:13-69
	android:name
		ADDED from src\main\AndroidManifest.xml:167:13-43
activity#com.app.strykerseller.ProductListActivity
ADDED from src\main\AndroidManifest.xml:171:9-175:67
	android:screenOrientation
		ADDED from src\main\AndroidManifest.xml:173:13-49
	android:windowSoftInputMode
		ADDED from src\main\AndroidManifest.xml:175:13-64
	android:theme
		ADDED from src\main\AndroidManifest.xml:174:13-69
	android:name
		ADDED from src\main\AndroidManifest.xml:172:13-48
activity#com.app.strykerseller.AddStoreActivity
ADDED from src\main\AndroidManifest.xml:176:9-180:79
	android:screenOrientation
		ADDED from src\main\AndroidManifest.xml:178:13-49
	android:windowSoftInputMode
		ADDED from src\main\AndroidManifest.xml:180:13-67
	android:theme
		ADDED from src\main\AndroidManifest.xml:179:13-66
	android:name
		ADDED from src\main\AndroidManifest.xml:177:13-45
activity#com.app.strykerseller.NotificationActivity
ADDED from src\main\AndroidManifest.xml:181:9-185:79
	android:screenOrientation
		ADDED from src\main\AndroidManifest.xml:183:13-49
	android:windowSoftInputMode
		ADDED from src\main\AndroidManifest.xml:185:13-67
	android:theme
		ADDED from src\main\AndroidManifest.xml:184:13-66
	android:name
		ADDED from src\main\AndroidManifest.xml:182:13-49
activity#com.app.strykerseller.UpdateProductDetailsActivity
ADDED from src\main\AndroidManifest.xml:186:9-190:79
	android:screenOrientation
		ADDED from src\main\AndroidManifest.xml:188:13-49
	android:windowSoftInputMode
		ADDED from src\main\AndroidManifest.xml:190:13-67
	android:theme
		ADDED from src\main\AndroidManifest.xml:189:13-66
	android:name
		ADDED from src\main\AndroidManifest.xml:187:13-57
activity#com.quickblox.sample.chat.ui.activities.ChatActivity
ADDED from src\main\AndroidManifest.xml:191:9-196:70
	android:screenOrientation
		ADDED from src\main\AndroidManifest.xml:194:13-49
	android:windowSoftInputMode
		ADDED from src\main\AndroidManifest.xml:196:13-67
	android:configChanges
		ADDED from src\main\AndroidManifest.xml:193:13-74
	android:theme
		ADDED from src\main\AndroidManifest.xml:195:13-69
	android:name
		ADDED from src\main\AndroidManifest.xml:192:13-80
service#com.app.service.OnClearFromRecentService
ADDED from src\main\AndroidManifest.xml:198:9-200:44
	android:stopWithTask
		ADDED from src\main\AndroidManifest.xml:200:13-41
	android:name
		ADDED from src\main\AndroidManifest.xml:199:13-68
activity#com.app.strykerseller.EditProfile_Activity
ADDED from src\main\AndroidManifest.xml:202:9-207:70
	android:screenOrientation
		ADDED from src\main\AndroidManifest.xml:205:13-49
	android:windowSoftInputMode
		ADDED from src\main\AndroidManifest.xml:207:13-67
	android:configChanges
		ADDED from src\main\AndroidManifest.xml:204:13-74
	android:theme
		ADDED from src\main\AndroidManifest.xml:206:13-69
	android:name